2014-04-02 14:26:44.091 Workshop[695:a0b] Multi-tasking -> Device: YES, App: YES
2014-04-02 14:26:44.473 Workshop[695:a0b] Unlimited access to network resources
2014-04-02 14:26:46.059 Workshop[695:a0b] Resetting plugins due to page load.
2014-04-02 14:26:46.625 Workshop[695:a0b] Finished load of: file:///Users/MacAdmin/Library/Application%20Support/iPhone%20Simulator/7.0/Applications/83EFEEFE-9CA9-488B-B214-0DC265E5DA59/Workshop.app/www/index.html
2014-04-02 14:47:16.442 Workshop[991:a0b] Multi-tasking -> Device: YES, App: YES
2014-04-02 14:47:16.452 Workshop[991:a0b] Unlimited access to network resources
2014-04-02 14:47:16.545 Workshop[991:a0b] Resetting plugins due to page load.
2014-04-02 14:47:16.693 Workshop[991:a0b] Finished load of: file:///Users/MacAdmin/Library/Application%20Support/iPhone%20Simulator/7.0/Applications/83EFEEFE-9CA9-488B-B214-0DC265E5DA59/Workshop.app/www/index.html
2014-04-02 14:47:16.760 Workshop[991:a0b] THREAD WARNING: ['Device'] took '20.530273' ms. Plugin should use a background thread.
2014-04-02 14:54:04.351 Workshop[1334:a0b] Multi-tasking -> Device: YES, App: YES
2014-04-02 14:54:04.385 Workshop[1334:a0b] Unlimited access to network resources
2014-04-02 14:54:04.561 Workshop[1334:a0b] Resetting plugins due to page load.
2014-04-02 14:54:04.700 Workshop[1334:a0b] Finished load of: file:///Users/MacAdmin/Library/Application%20Support/iPhone%20Simulator/7.0/Applications/83EFEEFE-9CA9-488B-B214-0DC265E5DA59/Workshop.app/www/index.html
2014-04-02 15:04:07.765 Workshop[1526:a0b] Multi-tasking -> Device: YES, App: YES
2014-04-02 15:04:07.775 Workshop[1526:a0b] Unlimited access to network resources
2014-04-02 15:04:07.861 Workshop[1526:a0b] Resetting plugins due to page load.
2014-04-02 15:04:08.009 Workshop[1526:a0b] Finished load of: file:///Users/MacAdmin/Library/Application%20Support/iPhone%20Simulator/7.0/Applications/83EFEEFE-9CA9-488B-B214-0DC265E5DA59/Workshop.app/www/index.html
2014-04-02 15:05:52.305 Workshop[1715:a0b] Multi-tasking -> Device: YES, App: YES
2014-04-02 15:05:52.316 Workshop[1715:a0b] Unlimited access to network resources
2014-04-02 15:05:52.515 Workshop[1715:a0b] Resetting plugins due to page load.
2014-04-02 15:05:52.587 Workshop[1715:a0b] Finished load of: file:///Users/MacAdmin/Library/Application%20Support/iPhone%20Simulator/7.0/Applications/83EFEEFE-9CA9-488B-B214-0DC265E5DA59/Workshop.app/www/index.html
2014-04-02 15:22:37.066 Workshop[1913:a0b] Multi-tasking -> Device: YES, App: YES
2014-04-02 15:22:37.077 Workshop[1913:a0b] Unlimited access to network resources
2014-04-02 15:22:37.161 Workshop[1913:a0b] Resetting plugins due to page load.
2014-04-02 15:22:37.521 Workshop[1913:a0b] Finished load of: file:///Users/MacAdmin/Library/Application%20Support/iPhone%20Simulator/7.0/Applications/83EFEEFE-9CA9-488B-B214-0DC265E5DA59/Workshop.app/www/index.html
2014-04-02 15:27:28.912 Workshop[2101:a0b] Multi-tasking -> Device: YES, App: YES
2014-04-02 15:27:28.925 Workshop[2101:a0b] Unlimited access to network resources
2014-04-02 15:27:29.009 Workshop[2101:a0b] Resetting plugins due to page load.
2014-04-02 15:27:29.215 Workshop[2101:a0b] Finished load of: file:///Users/MacAdmin/Library/Application%20Support/iPhone%20Simulator/7.0/Applications/83EFEEFE-9CA9-488B-B214-0DC265E5DA59/Workshop.app/www/index.html
2014-04-02 15:28:30.767 Workshop[2285:a0b] Multi-tasking -> Device: YES, App: YES
2014-04-02 15:28:30.788 Workshop[2285:a0b] Unlimited access to network resources
2014-04-02 15:28:31.071 Workshop[2285:a0b] Resetting plugins due to page load.
2014-04-02 15:28:31.205 Workshop[2285:a0b] Finished load of: file:///Users/MacAdmin/Library/Application%20Support/iPhone%20Simulator/7.0/Applications/83EFEEFE-9CA9-488B-B214-0DC265E5DA59/Workshop.app/www/index.html
2014-04-02 15:33:53.937 Workshop[2472:a0b] Multi-tasking -> Device: YES, App: YES
2014-04-02 15:33:53.947 Workshop[2472:a0b] Unlimited access to network resources
2014-04-02 15:33:54.034 Workshop[2472:a0b] Resetting plugins due to page load.
2014-04-02 15:33:54.186 Workshop[2472:a0b] Finished load of: file:///Users/MacAdmin/Library/Application%20Support/iPhone%20Simulator/7.0/Applications/83EFEEFE-9CA9-488B-B214-0DC265E5DA59/Workshop.app/www/index.html
2014-04-02 15:36:26.889 Workshop[2656:a0b] Multi-tasking -> Device: YES, App: YES
2014-04-02 15:36:26.901 Workshop[2656:a0b] Unlimited access to network resources
2014-04-02 15:36:27.231 Workshop[2656:a0b] Resetting plugins due to page load.
2014-04-02 15:36:27.447 Workshop[2656:a0b] Finished load of: file:///Users/MacAdmin/Library/Application%20Support/iPhone%20Simulator/7.0/Applications/83EFEEFE-9CA9-488B-B214-0DC265E5DA59/Workshop.app/www/index.html
2014-04-02 15:37:48.933 Workshop[2967:a0b] Multi-tasking -> Device: YES, App: YES
2014-04-02 15:37:48.955 Workshop[2967:a0b] Unlimited access to network resources
2014-04-02 15:37:49.264 Workshop[2967:a0b] Resetting plugins due to page load.
2014-04-02 15:37:49.373 Workshop[2967:a0b] Finished load of: file:///Users/MacAdmin/Library/Application%20Support/iPhone%20Simulator/7.0/Applications/83EFEEFE-9CA9-488B-B214-0DC265E5DA59/Workshop.app/www/index.html
2014-04-02 15:40:40.553 Workshop[3155:a0b] Multi-tasking -> Device: YES, App: YES
2014-04-02 15:40:40.570 Workshop[3155:a0b] Unlimited access to network resources
2014-04-02 15:40:40.667 Workshop[3155:a0b] Resetting plugins due to page load.
2014-04-02 15:40:41.493 Workshop[3155:a0b] Finished load of: file:///Users/MacAdmin/Library/Application%20Support/iPhone%20Simulator/7.0/Applications/83EFEEFE-9CA9-488B-B214-0DC265E5DA59/Workshop.app/www/index.html
2014-04-02 16:01:49.614 Workshop[3400:a0b] Multi-tasking -> Device: YES, App: YES
2014-04-02 16:01:49.705 Workshop[3400:a0b] Unlimited access to network resources
2014-04-02 16:01:49.928 Workshop[3400:a0b] Resetting plugins due to page load.
2014-04-02 16:01:50.200 Workshop[3400:a0b] Finished load of: file:///Users/MacAdmin/Library/Application%20Support/iPhone%20Simulator/7.0/Applications/83EFEEFE-9CA9-488B-B214-0DC265E5DA59/Workshop.app/www/index.html
2014-04-02 16:09:31.077 Workshop[3595:a0b] Multi-tasking -> Device: YES, App: YES
2014-04-02 16:09:31.087 Workshop[3595:a0b] Unlimited access to network resources
2014-04-02 16:09:31.259 Workshop[3595:a0b] Resetting plugins due to page load.
2014-04-02 16:09:31.558 Workshop[3595:a0b] Finished load of: file:///Users/MacAdmin/Library/Application%20Support/iPhone%20Simulator/7.0/Applications/83EFEEFE-9CA9-488B-B214-0DC265E5DA59/Workshop.app/www/index.html
2014-04-02 16:10:17.883 Workshop[3782:a0b] Multi-tasking -> Device: YES, App: YES
2014-04-02 16:10:17.897 Workshop[3782:a0b] Unlimited access to network resources
2014-04-02 16:10:18.148 Workshop[3782:a0b] Resetting plugins due to page load.
2014-04-02 16:10:18.281 Workshop[3782:a0b] Finished load of: file:///Users/MacAdmin/Library/Application%20Support/iPhone%20Simulator/7.0/Applications/83EFEEFE-9CA9-488B-B214-0DC265E5DA59/Workshop.app/www/index.html
2014-04-02 16:15:56.387 Workshop[4015:a0b] Multi-tasking -> Device: YES, App: YES
2014-04-02 16:15:56.483 Workshop[4015:a0b] Unlimited access to network resources
2014-04-02 16:15:56.668 Workshop[4015:a0b] Resetting plugins due to page load.
2014-04-02 16:15:56.960 Workshop[4015:a0b] Finished load of: file:///Users/MacAdmin/Library/Application%20Support/iPhone%20Simulator/7.0/Applications/83EFEEFE-9CA9-488B-B214-0DC265E5DA59/Workshop.app/www/index.html
2014-04-02 16:27:56.597 Workshop[4210:a0b] Multi-tasking -> Device: YES, App: YES
2014-04-02 16:27:56.633 Workshop[4210:a0b] Unlimited access to network resources
2014-04-02 16:27:56.801 Workshop[4210:a0b] Resetting plugins due to page load.
2014-04-02 16:27:57.234 Workshop[4210:a0b] Finished load of: file:///Users/MacAdmin/Library/Application%20Support/iPhone%20Simulator/7.0/Applications/83EFEEFE-9CA9-488B-B214-0DC265E5DA59/Workshop.app/www/index.html
2014-04-02 16:29:59.207 Workshop[4402:a0b] Multi-tasking -> Device: YES, App: YES
2014-04-02 16:29:59.243 Workshop[4402:a0b] Unlimited access to network resources
2014-04-02 16:29:59.460 Workshop[4402:a0b] Resetting plugins due to page load.
2014-04-02 16:29:59.737 Workshop[4402:a0b] Finished load of: file:///Users/MacAdmin/Library/Application%20Support/iPhone%20Simulator/7.0/Applications/83EFEEFE-9CA9-488B-B214-0DC265E5DA59/Workshop.app/www/index.html
2014-04-02 16:51:10.518 Workshop[4607:a0b] Multi-tasking -> Device: YES, App: YES
2014-04-02 16:51:10.577 Workshop[4607:a0b] Unlimited access to network resources
2014-04-02 16:51:10.787 Workshop[4607:a0b] Resetting plugins due to page load.
2014-04-02 16:51:11.028 Workshop[4607:a0b] Finished load of: file:///Users/MacAdmin/Library/Application%20Support/iPhone%20Simulator/7.0/Applications/83EFEEFE-9CA9-488B-B214-0DC265E5DA59/Workshop.app/www/index.html
2014-04-02 16:52:32.479 Workshop[4794:a0b] Multi-tasking -> Device: YES, App: YES
2014-04-02 16:52:32.491 Workshop[4794:a0b] Unlimited access to network resources
2014-04-02 16:52:32.763 Workshop[4794:a0b] Resetting plugins due to page load.
2014-04-02 16:52:32.920 Workshop[4794:a0b] Finished load of: file:///Users/MacAdmin/Library/Application%20Support/iPhone%20Simulator/7.0/Applications/83EFEEFE-9CA9-488B-B214-0DC265E5DA59/Workshop.app/www/index.html
2014-04-02 16:55:13.954 Workshop[4982:a0b] Multi-tasking -> Device: YES, App: YES
2014-04-02 16:55:13.965 Workshop[4982:a0b] Unlimited access to network resources
2014-04-02 16:55:14.374 Workshop[4982:a0b] Resetting plugins due to page load.
2014-04-02 16:55:14.696 Workshop[4982:a0b] Finished load of: file:///Users/MacAdmin/Library/Application%20Support/iPhone%20Simulator/7.0/Applications/83EFEEFE-9CA9-488B-B214-0DC265E5DA59/Workshop.app/www/index.html
2014-04-02 16:56:59.556 Workshop[5174:a0b] Multi-tasking -> Device: YES, App: YES
2014-04-02 16:56:59.567 Workshop[5174:a0b] Unlimited access to network resources
2014-04-02 16:56:59.787 Workshop[5174:a0b] Resetting plugins due to page load.
2014-04-02 16:57:00.194 Workshop[5174:a0b] Finished load of: file:///Users/MacAdmin/Library/Application%20Support/iPhone%20Simulator/7.0/Applications/83EFEEFE-9CA9-488B-B214-0DC265E5DA59/Workshop.app/www/index.html
2014-04-02 16:57:29.242 Workshop[5174:a0b] Failed to load webpage with error: The URL can’t be shown
2014-04-02 16:57:30.143 Workshop[5174:a0b] Failed to load webpage with error: The URL can’t be shown
2014-04-02 16:57:31.648 Workshop[5174:a0b] Failed to load webpage with error: The URL can’t be shown
2014-04-02 16:57:32.847 Workshop[5174:a0b] Failed to load webpage with error: The URL can’t be shown
2014-04-02 16:57:33.303 Workshop[5174:a0b] Failed to load webpage with error: The URL can’t be shown
2014-04-02 16:57:33.759 Workshop[5174:a0b] Failed to load webpage with error: The URL can’t be shown
2014-04-03 08:37:33.354 Workshop[502:a0b] Multi-tasking -> Device: YES, App: YES
2014-04-03 08:37:33.397 Workshop[502:a0b] Unlimited access to network resources
2014-04-03 08:37:34.789 Workshop[502:a0b] Resetting plugins due to page load.
2014-04-03 08:37:35.305 Workshop[502:a0b] Finished load of: file:///Users/MacAdmin/Library/Application%20Support/iPhone%20Simulator/7.0/Applications/83EFEEFE-9CA9-488B-B214-0DC265E5DA59/Workshop.app/www/index.html
2014-04-03 08:42:55.964 Workshop[699:a0b] Multi-tasking -> Device: YES, App: YES
2014-04-03 08:42:55.974 Workshop[699:a0b] Unlimited access to network resources
2014-04-03 08:42:56.049 Workshop[699:a0b] Resetting plugins due to page load.
2014-04-03 08:42:56.242 Workshop[699:a0b] Finished load of: file:///Users/MacAdmin/Library/Application%20Support/iPhone%20Simulator/7.0/Applications/83EFEEFE-9CA9-488B-B214-0DC265E5DA59/Workshop.app/www/index.html
2014-04-03 08:46:37.511 Workshop[909:a0b] Multi-tasking -> Device: YES, App: YES
2014-04-03 08:46:37.529 Workshop[909:a0b] Unlimited access to network resources
2014-04-03 08:46:37.807 Workshop[909:a0b] Resetting plugins due to page load.
2014-04-03 08:46:37.955 Workshop[909:a0b] Finished load of: file:///Users/MacAdmin/Library/Application%20Support/iPhone%20Simulator/7.0/Applications/83EFEEFE-9CA9-488B-B214-0DC265E5DA59/Workshop.app/www/index.html
2014-04-03 16:13:01.941 Workshop[651:a0b] Multi-tasking -> Device: YES, App: YES
2014-04-03 16:13:02.019 Workshop[651:a0b] Unlimited access to network resources
2014-04-03 16:13:03.453 Workshop[651:a0b] Resetting plugins due to page load.
2014-04-03 16:13:03.940 Workshop[651:a0b] Finished load of: file:///Users/MacAdmin/Library/Application%20Support/iPhone%20Simulator/7.0/Applications/83EFEEFE-9CA9-488B-B214-0DC265E5DA59/Workshop.app/www/index.html
